cbm_hbi_hbi                                       14-Oct-2024 15:53:43
Running hierarchical bayesian inference (HBI)...

HBI has been initialized according to
	lap_recency_atheist.mat [for model 1]
	lap_primacy_atheist.mat [for model 2]
	lap_delta_atheist.mat [for model 3]
	lap_split_atheist.mat [for model 4]
 
Number of samples: 297
Number of models: 4
======================================================================
Iteration 01
Iteration 02
	model frequencies (percent)
	model 1: 34.7| model 2: 38.4| model 3: 5.0| model 4: 21.9| 
                                                           dL:  178.95
                                                           dm:   61.63
                                                           dx:    0.36
Iteration 03
	model frequencies (percent)
	model 1: 39.0| model 2: 44.5| model 3: 1.1| model 4: 15.4| 
                                                           dL:   62.39
                                                           dm:    6.12
                                                           dx:    0.20
Iteration 04
	model frequencies (percent)
	model 1: 40.5| model 2: 47.1| model 3: 0.2| model 4: 12.2| 
                                                           dL:   34.66
                                                           dm:    2.64
                                                           dx:    0.27
Iteration 05
	model frequencies (percent)
	model 1: 40.5| model 2: 48.0| model 3: 0.0| model 4: 11.5| 
                                                           dL:   22.48
                                                           dm:    0.84
                                                           dx:    0.27
Iteration 06
	model frequencies (percent)
	model 1: 39.7| model 2: 47.7| model 3: 0.0| model 4: 12.6| 
                                                           dL:   13.38
                                                           dm:    0.25
                                                           dx:    0.37
Iteration 07
	model frequencies (percent)
	model 1: 38.5| model 2: 46.9| model 3: 0.0| model 4: 14.5| 
                                                           dL:    8.99
                                                           dm:    0.77
                                                           dx:    0.14
Iteration 08
	model frequencies (percent)
	model 1: 37.2| model 2: 46.0| model 3: 0.0| model 4: 16.8| 
                                                           dL:    6.53
                                                           dm:    0.93
                                                           dx:    0.10
Iteration 09
	model frequencies (percent)
	model 1: 36.0| model 2: 45.1| model 3: 0.0| model 4: 18.9| 
                                                           dL:    4.95
                                                           dm:    0.88
                                                           dx:    0.08
Iteration 10
	model frequencies (percent)
	model 1: 34.8| model 2: 44.4| model 3: 0.0| model 4: 20.8| 
                                                           dL:    3.92
                                                           dm:    0.75
                                                           dx:    0.06
Iteration 11
	model frequencies (percent)
	model 1: 33.8| model 2: 43.8| model 3: 0.0| model 4: 22.4| 
                                                           dL:    2.98
                                                           dm:    0.60
                                                           dx:    0.05
Iteration 12
	model frequencies (percent)
	model 1: 32.9| model 2: 43.4| model 3: 0.0| model 4: 23.7| 
                                                           dL:    2.58
                                                           dm:    0.43
                                                           dx:    0.04
Iteration 13
	model frequencies (percent)
	model 1: 32.2| model 2: 43.1| model 3: 0.0| model 4: 24.8| 
                                                           dL:    1.91
                                                           dm:    0.28
                                                           dx:    0.03
Iteration 14
	model frequencies (percent)
	model 1: 31.5| model 2: 42.9| model 3: 0.0| model 4: 25.6| 
                                                           dL:    1.64
                                                           dm:    0.15
                                                           dx:    0.03
Iteration 15
	model frequencies (percent)
	model 1: 30.9| model 2: 42.9| model 3: 0.0| model 4: 26.3| 
                                                           dL:    1.50
                                                           dm:    0.04
                                                           dx:    0.02
Iteration 16
	model frequencies (percent)
	model 1: 30.3| model 2: 42.9| model 3: 0.0| model 4: 26.8| 
                                                           dL:    1.32
                                                           dm:    0.04
                                                           dx:    0.02
Iteration 17
	model frequencies (percent)
	model 1: 29.7| model 2: 43.0| model 3: 0.0| model 4: 27.2| 
                                                           dL:    1.12
                                                           dm:    0.12
                                                           dx:    0.02
Iteration 18
	model frequencies (percent)
	model 1: 29.2| model 2: 43.2| model 3: 0.0| model 4: 27.6| 
                                                           dL:    1.05
                                                           dm:    0.17
                                                           dx:    0.02
Iteration 19
	model frequencies (percent)
	model 1: 28.7| model 2: 43.4| model 3: 0.0| model 4: 27.9| 
                                                           dL:    0.95
                                                           dm:    0.23
                                                           dx:    0.02
Iteration 20
	model frequencies (percent)
	model 1: 28.2| model 2: 43.7| model 3: 0.0| model 4: 28.1| 
                                                           dL:    0.90
                                                           dm:    0.28
                                                           dx:    0.02
Iteration 21
	model frequencies (percent)
	model 1: 27.7| model 2: 44.0| model 3: 0.0| model 4: 28.3| 
                                                           dL:    0.80
                                                           dm:    0.32
                                                           dx:    0.02
Iteration 22
	model frequencies (percent)
	model 1: 27.2| model 2: 44.4| model 3: 0.0| model 4: 28.5| 
                                                           dL:    0.81
                                                           dm:    0.35
                                                           dx:    0.02
Iteration 23
	model frequencies (percent)
	model 1: 26.6| model 2: 44.8| model 3: 0.0| model 4: 28.6| 
                                                           dL:    0.76
                                                           dm:    0.39
                                                           dx:    0.02
Iteration 24
	model frequencies (percent)
	model 1: 26.1| model 2: 45.2| model 3: 0.0| model 4: 28.7| 
                                                           dL:    0.70
                                                           dm:    0.42
                                                           dx:    0.02
Iteration 25
	model frequencies (percent)
	model 1: 25.5| model 2: 45.6| model 3: 0.0| model 4: 28.8| 
                                                           dL:    0.69
                                                           dm:    0.45
                                                           dx:    0.02
Iteration 26
	model frequencies (percent)
	model 1: 25.0| model 2: 46.1| model 3: 0.0| model 4: 28.9| 
                                                           dL:    0.62
                                                           dm:    0.48
                                                           dx:    0.02
Iteration 27
	model frequencies (percent)
	model 1: 24.4| model 2: 46.6| model 3: 0.0| model 4: 29.0| 
                                                           dL:    0.64
                                                           dm:    0.51
                                                           dx:    0.02
Iteration 28
	model frequencies (percent)
	model 1: 23.7| model 2: 47.2| model 3: 0.0| model 4: 29.1| 
                                                           dL:    0.60
                                                           dm:    0.55
                                                           dx:    0.02
Iteration 29
	model frequencies (percent)
	model 1: 23.1| model 2: 47.8| model 3: 0.0| model 4: 29.1| 
                                                           dL:    0.58
                                                           dm:    0.58
                                                           dx:    0.02
Iteration 30
	model frequencies (percent)
	model 1: 22.4| model 2: 48.4| model 3: 0.0| model 4: 29.2| 
                                                           dL:    0.56
                                                           dm:    0.61
                                                           dx:    0.02
Iteration 31
	model frequencies (percent)
	model 1: 21.7| model 2: 49.0| model 3: 0.0| model 4: 29.2| 
                                                           dL:    0.55
                                                           dm:    0.65
                                                           dx:    0.02
Iteration 32
	model frequencies (percent)
	model 1: 21.0| model 2: 49.7| model 3: 0.0| model 4: 29.3| 
                                                           dL:    0.61
                                                           dm:    0.68
                                                           dx:    0.02
Iteration 33
	model frequencies (percent)
	model 1: 20.3| model 2: 50.4| model 3: 0.0| model 4: 29.3| 
                                                           dL:    0.55
                                                           dm:    0.72
                                                           dx:    0.02
Iteration 34
	model frequencies (percent)
	model 1: 19.5| model 2: 51.2| model 3: 0.0| model 4: 29.4| 
                                                           dL:    0.53
                                                           dm:    0.75
                                                           dx:    0.03
Iteration 35
	model frequencies (percent)
	model 1: 18.6| model 2: 52.0| model 3: 0.0| model 4: 29.4| 
                                                           dL:    0.53
                                                           dm:    0.79
                                                           dx:    0.03
Iteration 36
	model frequencies (percent)
	model 1: 17.8| model 2: 52.8| model 3: 0.0| model 4: 29.4| 
                                                           dL:    0.54
                                                           dm:    0.83
                                                           dx:    0.03
Iteration 37
	model frequencies (percent)
	model 1: 16.9| model 2: 53.7| model 3: 0.0| model 4: 29.4| 
                                                           dL:    0.54
                                                           dm:    0.87
                                                           dx:    0.03
Iteration 38
	model frequencies (percent)
	model 1: 16.0| model 2: 54.6| model 3: 0.0| model 4: 29.5| 
                                                           dL:    0.57
                                                           dm:    0.91
                                                           dx:    0.03
Iteration 39
	model frequencies (percent)
	model 1: 15.0| model 2: 55.5| model 3: 0.0| model 4: 29.5| 
                                                           dL:    0.59
                                                           dm:    0.95
                                                           dx:    0.03
Iteration 40
	model frequencies (percent)
	model 1: 14.0| model 2: 56.5| model 3: 0.0| model 4: 29.5| 
                                                           dL:    0.71
                                                           dm:    0.98
                                                           dx:    0.03
Iteration 41
	model frequencies (percent)
	model 1: 13.0| model 2: 57.5| model 3: 0.0| model 4: 29.5| 
                                                           dL:    0.62
                                                           dm:    1.03
                                                           dx:    0.03
Iteration 42
	model frequencies (percent)
	model 1: 11.9| model 2: 58.6| model 3: 0.0| model 4: 29.5| 
                                                           dL:    0.67
                                                           dm:    1.07
                                                           dx:    0.04
Iteration 43
	model frequencies (percent)
	model 1: 10.8| model 2: 59.7| model 3: 0.0| model 4: 29.5| 
                                                           dL:    0.71
                                                           dm:    1.10
                                                           dx:    0.04
Iteration 44
	model frequencies (percent)
	model 1: 9.6| model 2: 60.8| model 3: 0.0| model 4: 29.5| 
                                                           dL:    0.79
                                                           dm:    1.14
                                                           dx:    0.04
Iteration 45
	model frequencies (percent)
	model 1: 8.5| model 2: 62.0| model 3: 0.0| model 4: 29.5| 
                                                           dL:    0.86
                                                           dm:    1.17
                                                           dx:    0.05
Iteration 46
	model frequencies (percent)
	model 1: 7.3| model 2: 63.2| model 3: 0.0| model 4: 29.5| 
                                                           dL:    1.02
                                                           dm:    1.20
                                                           dx:    0.06
Iteration 47
	model frequencies (percent)
	model 1: 6.1| model 2: 64.4| model 3: 0.0| model 4: 29.5| 
                                                           dL:    1.18
                                                           dm:    1.22
                                                           dx:    0.07
Iteration 48
	model frequencies (percent)
	model 1: 4.8| model 2: 65.6| model 3: 0.0| model 4: 29.5| 
                                                           dL:    1.33
                                                           dm:    1.22
                                                           dx:    0.08
Iteration 49
	model frequencies (percent)
	model 1: 3.6| model 2: 66.8| model 3: 0.0| model 4: 29.5| 
                                                           dL:    1.63
                                                           dm:    1.21
                                                           dx:    0.10
Iteration 50
	model frequencies (percent)
	model 1: 2.5| model 2: 68.0| model 3: 0.0| model 4: 29.5| 
                                                           dL:    2.09
                                                           dm:    1.17
                                                           dx:    0.14
Iteration 51
	model frequencies (percent)
	model 1: 1.5| model 2: 69.1| model 3: 0.0| model 4: 29.4| 
                                                           dL:    2.79
                                                           dm:    1.08
                                                           dx:    0.21
