cbm_hbi_hbi                                       14-Oct-2024 16:53:33
Running hierarchical bayesian inference (HBI)...

HBI has been initialized according to
	lap_recency_christian.mat [for model 1]
	lap_primacy_christian.mat [for model 2]
	lap_delta_christian.mat [for model 3]
	lap_split_christian.mat [for model 4]
 
Number of samples: 302
Number of models: 4
======================================================================
Iteration 01
Iteration 02
	model frequencies (percent)
	model 1: 36.3| model 2: 38.2| model 3: 4.7| model 4: 20.8| 
                                                           dL:  172.23
                                                           dm:   61.80
                                                           dx:    0.34
Iteration 03
	model frequencies (percent)
	model 1: 40.9| model 2: 44.0| model 3: 1.5| model 4: 13.7| 
                                                           dL:   56.85
                                                           dm:    5.79
                                                           dx:    0.19
Iteration 04
	model frequencies (percent)
	model 1: 42.8| model 2: 46.9| model 3: 0.5| model 4: 9.8| 
                                                           dL:   29.85
                                                           dm:    2.94
                                                           dx:    0.27
Iteration 05
	model frequencies (percent)
	model 1: 43.4| model 2: 48.3| model 3: 0.0| model 4: 8.2| 
                                                           dL:   25.44
                                                           dm:    1.41
                                                           dx:    0.20
Iteration 06
	model frequencies (percent)
	model 1: 42.9| model 2: 48.5| model 3: 0.0| model 4: 8.6| 
                                                           dL:   14.94
                                                           dm:    0.20
                                                           dx:    0.35
Iteration 07
	model frequencies (percent)
	model 1: 42.0| model 2: 48.3| model 3: 0.0| model 4: 9.7| 
                                                           dL:    9.53
                                                           dm:    0.25
                                                           dx:    0.15
Iteration 08
	model frequencies (percent)
	model 1: 41.1| model 2: 47.9| model 3: 0.0| model 4: 11.1| 
                                                           dL:    7.14
                                                           dm:    0.43
                                                           dx:    0.10
Iteration 09
	model frequencies (percent)
	model 1: 40.1| model 2: 47.4| model 3: 0.0| model 4: 12.5| 
                                                           dL:    4.91
                                                           dm:    0.46
                                                           dx:    0.08
Iteration 10
	model frequencies (percent)
	model 1: 39.2| model 2: 47.0| model 3: 0.0| model 4: 13.8| 
                                                           dL:    3.92
                                                           dm:    0.37
                                                           dx:    0.06
Iteration 11
	model frequencies (percent)
	model 1: 38.4| model 2: 46.7| model 3: 0.0| model 4: 14.9| 
                                                           dL:    2.92
                                                           dm:    0.30
                                                           dx:    0.05
Iteration 12
	model frequencies (percent)
	model 1: 37.7| model 2: 46.5| model 3: 0.0| model 4: 15.8| 
                                                           dL:    2.35
                                                           dm:    0.20
                                                           dx:    0.04
Iteration 13
	model frequencies (percent)
	model 1: 37.0| model 2: 46.4| model 3: 0.0| model 4: 16.6| 
                                                           dL:    1.97
                                                           dm:    0.11
                                                           dx:    0.04
Iteration 14
	model frequencies (percent)
	model 1: 36.4| model 2: 46.4| model 3: 0.0| model 4: 17.2| 
                                                           dL:    1.67
                                                           dm:    0.03
                                                           dx:    0.03
Iteration 15
	model frequencies (percent)
	model 1: 35.9| model 2: 46.4| model 3: 0.0| model 4: 17.7| 
                                                           dL:    1.53
                                                           dm:    0.04
                                                           dx:    0.03
Iteration 16
	model frequencies (percent)
	model 1: 35.4| model 2: 46.5| model 3: 0.0| model 4: 18.1| 
                                                           dL:    1.38
                                                           dm:    0.09
                                                           dx:    0.02
Iteration 17
	model frequencies (percent)
	model 1: 34.9| model 2: 46.7| model 3: 0.0| model 4: 18.5| 
                                                           dL:    1.17
                                                           dm:    0.14
                                                           dx:    0.02
Iteration 18
	model frequencies (percent)
	model 1: 34.4| model 2: 46.8| model 3: 0.0| model 4: 18.8| 
                                                           dL:    1.08
                                                           dm:    0.18
                                                           dx:    0.02
Iteration 19
	model frequencies (percent)
	model 1: 33.9| model 2: 47.1| model 3: 0.0| model 4: 19.0| 
                                                           dL:    0.96
                                                           dm:    0.22
                                                           dx:    0.02
Iteration 20
	model frequencies (percent)
	model 1: 33.5| model 2: 47.3| model 3: 0.0| model 4: 19.2| 
                                                           dL:    0.93
                                                           dm:    0.24
                                                           dx:    0.02
Iteration 21
	model frequencies (percent)
	model 1: 33.0| model 2: 47.6| model 3: 0.0| model 4: 19.4| 
                                                           dL:    0.85
                                                           dm:    0.28
                                                           dx:    0.02
Iteration 22
	model frequencies (percent)
	model 1: 32.6| model 2: 47.9| model 3: 0.0| model 4: 19.5| 
                                                           dL:    0.79
                                                           dm:    0.31
                                                           dx:    0.02
Iteration 23
	model frequencies (percent)
	model 1: 32.1| model 2: 48.2| model 3: 0.0| model 4: 19.7| 
                                                           dL:    0.84
                                                           dm:    0.33
                                                           dx:    0.02
Iteration 24
	model frequencies (percent)
	model 1: 31.6| model 2: 48.6| model 3: 0.0| model 4: 19.8| 
                                                           dL:    0.72
                                                           dm:    0.35
                                                           dx:    0.02
Iteration 25
	model frequencies (percent)
	model 1: 31.2| model 2: 48.9| model 3: 0.0| model 4: 19.9| 
                                                           dL:    0.66
                                                           dm:    0.38
                                                           dx:    0.02
Iteration 26
	model frequencies (percent)
	model 1: 30.7| model 2: 49.3| model 3: 0.0| model 4: 20.0| 
                                                           dL:    0.64
                                                           dm:    0.40
                                                           dx:    0.02
Iteration 27
	model frequencies (percent)
	model 1: 30.2| model 2: 49.8| model 3: 0.0| model 4: 20.0| 
                                                           dL:    0.61
                                                           dm:    0.43
                                                           dx:    0.02
Iteration 28
	model frequencies (percent)
	model 1: 29.7| model 2: 50.2| model 3: 0.0| model 4: 20.1| 
                                                           dL:    0.59
                                                           dm:    0.45
                                                           dx:    0.02
Iteration 29
	model frequencies (percent)
	model 1: 29.1| model 2: 50.7| model 3: 0.0| model 4: 20.2| 
                                                           dL:    0.64
                                                           dm:    0.48
                                                           dx:    0.02
Iteration 30
	model frequencies (percent)
	model 1: 28.6| model 2: 51.2| model 3: 0.0| model 4: 20.2| 
                                                           dL:    0.54
                                                           dm:    0.50
                                                           dx:    0.02
Iteration 31
	model frequencies (percent)
	model 1: 28.0| model 2: 51.7| model 3: 0.0| model 4: 20.3| 
                                                           dL:    0.59
                                                           dm:    0.53
                                                           dx:    0.02
Iteration 32
	model frequencies (percent)
	model 1: 27.4| model 2: 52.3| model 3: 0.0| model 4: 20.3| 
                                                           dL:    0.50
                                                           dm:    0.55
                                                           dx:    0.02
Iteration 33
	model frequencies (percent)
	model 1: 26.8| model 2: 52.8| model 3: 0.0| model 4: 20.4| 
                                                           dL:    0.60
                                                           dm:    0.58
                                                           dx:    0.02
Iteration 34
	model frequencies (percent)
	model 1: 26.2| model 2: 53.4| model 3: 0.0| model 4: 20.4| 
                                                           dL:    0.47
                                                           dm:    0.60
                                                           dx:    0.02
Iteration 35
	model frequencies (percent)
	model 1: 25.5| model 2: 54.1| model 3: 0.0| model 4: 20.4| 
                                                           dL:    0.53
                                                           dm:    0.63
                                                           dx:    0.02
Iteration 36
	model frequencies (percent)
	model 1: 24.8| model 2: 54.7| model 3: 0.0| model 4: 20.4| 
                                                           dL:    0.45
                                                           dm:    0.66
                                                           dx:    0.03
Iteration 37
	model frequencies (percent)
	model 1: 24.1| model 2: 55.4| model 3: 0.0| model 4: 20.5| 
                                                           dL:    0.44
                                                           dm:    0.70
                                                           dx:    0.03
Iteration 38
	model frequencies (percent)
	model 1: 23.4| model 2: 56.2| model 3: 0.0| model 4: 20.5| 
                                                           dL:    0.44
                                                           dm:    0.73
                                                           dx:    0.03
Iteration 39
	model frequencies (percent)
	model 1: 22.6| model 2: 56.9| model 3: 0.0| model 4: 20.5| 
                                                           dL:    0.44
                                                           dm:    0.76
                                                           dx:    0.03
Iteration 40
	model frequencies (percent)
	model 1: 21.8| model 2: 57.7| model 3: 0.0| model 4: 20.5| 
                                                           dL:    0.45
                                                           dm:    0.79
                                                           dx:    0.03
Iteration 41
	model frequencies (percent)
	model 1: 21.0| model 2: 58.5| model 3: 0.0| model 4: 20.5| 
                                                           dL:    0.53
                                                           dm:    0.82
                                                           dx:    0.03
Iteration 42
	model frequencies (percent)
	model 1: 20.1| model 2: 59.4| model 3: 0.0| model 4: 20.5| 
                                                           dL:    0.45
                                                           dm:    0.85
                                                           dx:    0.03
Iteration 43
	model frequencies (percent)
	model 1: 19.2| model 2: 60.3| model 3: 0.0| model 4: 20.5| 
                                                           dL:    0.46
                                                           dm:    0.89
                                                           dx:    0.03
Iteration 44
	model frequencies (percent)
	model 1: 18.3| model 2: 61.2| model 3: 0.0| model 4: 20.5| 
                                                           dL:    0.47
                                                           dm:    0.92
                                                           dx:    0.03
Iteration 45
	model frequencies (percent)
	model 1: 17.3| model 2: 62.2| model 3: 0.0| model 4: 20.5| 
                                                           dL:    0.47
                                                           dm:    0.96
                                                           dx:    0.03
Iteration 46
	model frequencies (percent)
	model 1: 16.3| model 2: 63.2| model 3: 0.0| model 4: 20.5| 
                                                           dL:    0.59
                                                           dm:    1.00
                                                           dx:    0.03
Iteration 47
	model frequencies (percent)
	model 1: 15.3| model 2: 64.2| model 3: 0.0| model 4: 20.5| 
                                                           dL:    0.52
                                                           dm:    1.03
                                                           dx:    0.03
Iteration 48
	model frequencies (percent)
	model 1: 14.2| model 2: 65.2| model 3: 0.0| model 4: 20.5| 
                                                           dL:    0.64
                                                           dm:    1.06
                                                           dx:    0.04
Iteration 49
	model frequencies (percent)
	model 1: 13.1| model 2: 66.3| model 3: 0.0| model 4: 20.5| 
                                                           dL:    0.58
                                                           dm:    1.10
                                                           dx:    0.04
Iteration 50
	model frequencies (percent)
	model 1: 12.0| model 2: 67.5| model 3: 0.0| model 4: 20.5| 
                                                           dL:    0.63
                                                           dm:    1.14
                                                           dx:    0.04
Iteration 51
	model frequencies (percent)
	model 1: 10.8| model 2: 68.7| model 3: 0.0| model 4: 20.5| 
                                                           dL:    0.69
                                                           dm:    1.17
                                                           dx:    0.04
